::1 - - [29/Jul/2016:05:33:56 +0000] "GET / HTTP/1.1" 200 - "-" "Mozilla/5.0 (Macintosh; Intel Mac OS X 10_11_6) AppleWebKit/537.36 (KHTML, like Gecko) Chrome/51.0.2704.103 Safari/537.36"
::1 - - [29/Jul/2016:05:33:56 +0000] "GET /styles/app-df574d568f.css HTTP/1.1" 200 - "http://localhost:5000/" "Mozilla/5.0 (Macintosh; Intel Mac OS X 10_11_6) AppleWebKit/537.36 (KHTML, like Gecko) Chrome/51.0.2704.103 Safari/537.36"
::1 - - [29/Jul/2016:05:33:56 +0000] "GET /scripts/app-795fc97a5f.js HTTP/1.1" 200 - "http://localhost:5000/" "Mozilla/5.0 (Macintosh; Intel Mac OS X 10_11_6) AppleWebKit/537.36 (KHTML, like Gecko) Chrome/51.0.2704.103 Safari/537.36"
::1 - - [29/Jul/2016:05:33:56 +0000] "GET /styles/vendor-c8b0bd4b96.css HTTP/1.1" 200 - "http://localhost:5000/" "Mozilla/5.0 (Macintosh; Intel Mac OS X 10_11_6) AppleWebKit/537.36 (KHTML, like Gecko) Chrome/51.0.2704.103 Safari/537.36"
::1 - - [29/Jul/2016:05:33:56 +0000] "GET /scripts/vendor-7271e99093.js HTTP/1.1" 200 - "http://localhost:5000/" "Mozilla/5.0 (Macintosh; Intel Mac OS X 10_11_6) AppleWebKit/537.36 (KHTML, like Gecko) Chrome/51.0.2704.103 Safari/537.36"
::1 - - [29/Jul/2016:05:33:56 +0000] "GET /assets/images/yeoman.png HTTP/1.1" 200 13501 "http://localhost:5000/" "Mozilla/5.0 (Macintosh; Intel Mac OS X 10_11_6) AppleWebKit/537.36 (KHTML, like Gecko) Chrome/51.0.2704.103 Safari/537.36"
::1 - - [29/Jul/2016:05:33:56 +0000] "GET /assets/images/bootstrap.png HTTP/1.1" 200 12923 "http://localhost:5000/" "Mozilla/5.0 (Macintosh; Intel Mac OS X 10_11_6) AppleWebKit/537.36 (KHTML, like Gecko) Chrome/51.0.2704.103 Safari/537.36"
::1 - - [29/Jul/2016:05:33:56 +0000] "GET /assets/images/angular.png HTTP/1.1" 200 13522 "http://localhost:5000/" "Mozilla/5.0 (Macintosh; Intel Mac OS X 10_11_6) AppleWebKit/537.36 (KHTML, like Gecko) Chrome/51.0.2704.103 Safari/537.36"
::1 - - [29/Jul/2016:05:33:56 +0000] "GET /assets/images/karma.png HTTP/1.1" 200 10130 "http://localhost:5000/" "Mozilla/5.0 (Macintosh; Intel Mac OS X 10_11_6) AppleWebKit/537.36 (KHTML, like Gecko) Chrome/51.0.2704.103 Safari/537.36"
::1 - - [29/Jul/2016:05:33:56 +0000] "GET /assets/images/gulp.png HTTP/1.1" 200 10678 "http://localhost:5000/" "Mozilla/5.0 (Macintosh; Intel Mac OS X 10_11_6) AppleWebKit/537.36 (KHTML, like Gecko) Chrome/51.0.2704.103 Safari/537.36"
::1 - - [29/Jul/2016:05:33:56 +0000] "GET /assets/images/protractor.png HTTP/1.1" 200 10186 "http://localhost:5000/" "Mozilla/5.0 (Macintosh; Intel Mac OS X 10_11_6) AppleWebKit/537.36 (KHTML, like Gecko) Chrome/51.0.2704.103 Safari/537.36"
::1 - - [29/Jul/2016:05:33:56 +0000] "GET /assets/images/jasmine.png HTTP/1.1" 200 15828 "http://localhost:5000/" "Mozilla/5.0 (Macintosh; Intel Mac OS X 10_11_6) AppleWebKit/537.36 (KHTML, like Gecko) Chrome/51.0.2704.103 Safari/537.36"
::1 - - [29/Jul/2016:05:33:56 +0000] "GET /assets/images/browsersync.png HTTP/1.1" 200 11615 "http://localhost:5000/" "Mozilla/5.0 (Macintosh; Intel Mac OS X 10_11_6) AppleWebKit/537.36 (KHTML, like Gecko) Chrome/51.0.2704.103 Safari/537.36"
::1 - - [29/Jul/2016:05:33:56 +0000] "GET /assets/images/ui-bootstrap.png HTTP/1.1" 200 13561 "http://localhost:5000/" "Mozilla/5.0 (Macintosh; Intel Mac OS X 10_11_6) AppleWebKit/537.36 (KHTML, like Gecko) Chrome/51.0.2704.103 Safari/537.36"
::1 - - [29/Jul/2016:05:33:56 +0000] "GET /fonts/glyphicons-halflings-regular.woff2 HTTP/1.1" 200 18028 "http://localhost:5000/styles/vendor-c8b0bd4b96.css" "Mozilla/5.0 (Macintosh; Intel Mac OS X 10_11_6) AppleWebKit/537.36 (KHTML, like Gecko) Chrome/51.0.2704.103 Safari/537.36"
::1 - - [29/Jul/2016:05:33:57 +0000] "GET /favicon.ico HTTP/1.1" 200 4286 "http://localhost:5000/" "Mozilla/5.0 (Macintosh; Intel Mac OS X 10_11_6) AppleWebKit/537.36 (KHTML, like Gecko) Chrome/51.0.2704.103 Safari/537.36"
::1 - - [30/Jul/2016:05:06:44 +0000] "GET / HTTP/1.1" 200 - "-" "Mozilla/5.0 (Macintosh; Intel Mac OS X 10_11_6) AppleWebKit/537.36 (KHTML, like Gecko) Chrome/51.0.2704.103 Safari/537.36"
::1 - - [30/Jul/2016:05:06:44 +0000] "GET /styles/app-df574d568f.css HTTP/1.1" 200 - "http://localhost:5000/" "Mozilla/5.0 (Macintosh; Intel Mac OS X 10_11_6) AppleWebKit/537.36 (KHTML, like Gecko) Chrome/51.0.2704.103 Safari/537.36"
::1 - - [30/Jul/2016:05:06:44 +0000] "GET /scripts/app-795fc97a5f.js HTTP/1.1" 200 - "http://localhost:5000/" "Mozilla/5.0 (Macintosh; Intel Mac OS X 10_11_6) AppleWebKit/537.36 (KHTML, like Gecko) Chrome/51.0.2704.103 Safari/537.36"
::1 - - [30/Jul/2016:05:06:44 +0000] "GET /styles/vendor-c8b0bd4b96.css HTTP/1.1" 200 - "http://localhost:5000/" "Mozilla/5.0 (Macintosh; Intel Mac OS X 10_11_6) AppleWebKit/537.36 (KHTML, like Gecko) Chrome/51.0.2704.103 Safari/537.36"
::1 - - [30/Jul/2016:05:06:44 +0000] "GET /scripts/vendor-7271e99093.js HTTP/1.1" 200 - "http://localhost:5000/" "Mozilla/5.0 (Macintosh; Intel Mac OS X 10_11_6) AppleWebKit/537.36 (KHTML, like Gecko) Chrome/51.0.2704.103 Safari/537.36"
::1 - - [30/Jul/2016:05:06:44 +0000] "GET /assets/images/yeoman.png HTTP/1.1" 200 13501 "http://localhost:5000/" "Mozilla/5.0 (Macintosh; Intel Mac OS X 10_11_6) AppleWebKit/537.36 (KHTML, like Gecko) Chrome/51.0.2704.103 Safari/537.36"
::1 - - [30/Jul/2016:05:06:44 +0000] "GET /assets/images/ui-bootstrap.png HTTP/1.1" 200 13561 "http://localhost:5000/" "Mozilla/5.0 (Macintosh; Intel Mac OS X 10_11_6) AppleWebKit/537.36 (KHTML, like Gecko) Chrome/51.0.2704.103 Safari/537.36"
::1 - - [30/Jul/2016:05:06:44 +0000] "GET /assets/images/karma.png HTTP/1.1" 200 10130 "http://localhost:5000/" "Mozilla/5.0 (Macintosh; Intel Mac OS X 10_11_6) AppleWebKit/537.36 (KHTML, like Gecko) Chrome/51.0.2704.103 Safari/537.36"
::1 - - [30/Jul/2016:05:06:44 +0000] "GET /assets/images/jasmine.png HTTP/1.1" 200 15828 "http://localhost:5000/" "Mozilla/5.0 (Macintosh; Intel Mac OS X 10_11_6) AppleWebKit/537.36 (KHTML, like Gecko) Chrome/51.0.2704.103 Safari/537.36"
::1 - - [30/Jul/2016:05:06:44 +0000] "GET /assets/images/browsersync.png HTTP/1.1" 200 11615 "http://localhost:5000/" "Mozilla/5.0 (Macintosh; Intel Mac OS X 10_11_6) AppleWebKit/537.36 (KHTML, like Gecko) Chrome/51.0.2704.103 Safari/537.36"
::1 - - [30/Jul/2016:05:06:44 +0000] "GET /assets/images/bootstrap.png HTTP/1.1" 200 12923 "http://localhost:5000/" "Mozilla/5.0 (Macintosh; Intel Mac OS X 10_11_6) AppleWebKit/537.36 (KHTML, like Gecko) Chrome/51.0.2704.103 Safari/537.36"
::1 - - [30/Jul/2016:05:06:44 +0000] "GET /assets/images/gulp.png HTTP/1.1" 200 10678 "http://localhost:5000/" "Mozilla/5.0 (Macintosh; Intel Mac OS X 10_11_6) AppleWebKit/537.36 (KHTML, like Gecko) Chrome/51.0.2704.103 Safari/537.36"
::1 - - [30/Jul/2016:05:06:44 +0000] "GET /assets/images/angular.png HTTP/1.1" 200 13522 "http://localhost:5000/" "Mozilla/5.0 (Macintosh; Intel Mac OS X 10_11_6) AppleWebKit/537.36 (KHTML, like Gecko) Chrome/51.0.2704.103 Safari/537.36"
::1 - - [30/Jul/2016:05:06:44 +0000] "GET /assets/images/protractor.png HTTP/1.1" 200 10186 "http://localhost:5000/" "Mozilla/5.0 (Macintosh; Intel Mac OS X 10_11_6) AppleWebKit/537.36 (KHTML, like Gecko) Chrome/51.0.2704.103 Safari/537.36"
::1 - - [30/Jul/2016:05:06:44 +0000] "GET /fonts/glyphicons-halflings-regular.woff2 HTTP/1.1" 200 18028 "http://localhost:5000/styles/vendor-c8b0bd4b96.css" "Mozilla/5.0 (Macintosh; Intel Mac OS X 10_11_6) AppleWebKit/537.36 (KHTML, like Gecko) Chrome/51.0.2704.103 Safari/537.36"
